<?xml version="1.0" encoding="UTF-8"?>
<testng-results ignored="0" total="1" passed="1" failed="0" skipped="0">
  <reporter-output>
  </reporter-output>
  <suite started-at="2022-03-04T19:07:11 IST" name="Suite" finished-at="2022-03-04T19:07:25 IST" duration-ms="13680">
    <groups>
    </groups>
    <test started-at="2022-03-04T19:07:11 IST" name="Test" finished-at="2022-03-04T19:07:25 IST" duration-ms="13680">
      <class name="assignmentOneModuleTen.AssignmentOneModuleTen">
        <test-method is-config="true" signature="setUp()[pri:0, instance:assignmentOneModuleTen.AssignmentOneModuleTen@434a63ab]" started-at="2022-03-04T19:07:11 IST" name="setUp" finished-at="2022-03-04T19:07:18 IST" duration-ms="7073" status="PASS">
          <reporter-output>
          </reporter-output>
        </test-method> <!-- setUp -->
        <test-method signature="loginTest()[pri:0, instance:assignmentOneModuleTen.AssignmentOneModuleTen@434a63ab]" started-at="2022-03-04T19:07:18 IST" name="loginTest" finished-at="2022-03-04T19:07:24 IST" duration-ms="5779" status="PASS">
          <reporter-output>
          </reporter-output>
        </test-method> <!-- loginTest -->
        <test-method is-config="true" signature="tearDown()[pri:0, instance:assignmentOneModuleTen.AssignmentOneModuleTen@434a63ab]" started-at="2022-03-04T19:07:24 IST" name="tearDown" finished-at="2022-03-04T19:07:25 IST" duration-ms="762" status="PASS">
          <reporter-output>
          </reporter-output>
        </test-method> <!-- tearDown -->
      </class> <!-- assignmentOneModuleTen.AssignmentOneModuleTen -->
    </test> <!-- Test -->
  </suite> <!-- Suite -->
</testng-results>
