<?xml version="1.0" encoding="UTF-8"?>
<testng-results ignored="0" total="1" passed="1" failed="0" skipped="0">
  <reporter-output>
  </reporter-output>
  <suite started-at="2022-03-04T19:00:34 IST" name="Default suite" finished-at="2022-03-04T19:01:19 IST" duration-ms="45883">
    <groups>
    </groups>
    <test started-at="2022-03-04T19:00:34 IST" name="Default test" finished-at="2022-03-04T19:01:19 IST" duration-ms="45883">
      <class name="assignmentOneModuleTen.AssignmentOneModuleTen">
        <test-method is-config="true" signature="setUp()[pri:0, instance:assignmentOneModuleTen.AssignmentOneModuleTen@72e5a8e]" started-at="2022-03-04T19:00:34 IST" name="setUp" finished-at="2022-03-04T19:01:10 IST" duration-ms="36753" status="PASS">
          <reporter-output>
          </reporter-output>
        </test-method> <!-- setUp -->
        <test-method signature="loginTest()[pri:0, instance:assignmentOneModuleTen.AssignmentOneModuleTen@72e5a8e]" started-at="2022-03-04T19:01:11 IST" name="loginTest" finished-at="2022-03-04T19:01:18 IST" duration-ms="6961" status="PASS">
          <reporter-output>
          </reporter-output>
        </test-method> <!-- loginTest -->
        <test-method is-config="true" signature="tearDown()[pri:0, instance:assignmentOneModuleTen.AssignmentOneModuleTen@72e5a8e]" started-at="2022-03-04T19:01:18 IST" name="tearDown" finished-at="2022-03-04T19:01:19 IST" duration-ms="1535" status="PASS">
          <reporter-output>
          </reporter-output>
        </test-method> <!-- tearDown -->
      </class> <!-- assignmentOneModuleTen.AssignmentOneModuleTen -->
    </test> <!-- Default test -->
  </suite> <!-- Default suite -->
</testng-results>
